{"/Users/luke/Documents/Code/EC500/HW4/camera-app-ljstaib/App.js": {"path":"/Users/luke/Documents/Code/EC500/HW4/camera-app-ljstaib/App.js","statementMap":{"0":{"start":{"line":19,"column":14},"end":{"line":19,"column":36}},"1":{"start":{"line":21,"column":2},"end":{"line":31,"column":4}},"2":{"start":{"line":34,"column":23},"end":{"line":42,"column":1}},"3":{"start":{"line":44,"column":0},"end":{"line":49,"column":1}},"4":{"start":{"line":45,"column":2},"end":{"line":45,"column":41}},"5":{"start":{"line":48,"column":2},"end":{"line":48,"column":17}}},"fnMap":{"0":{"name":"App","decl":{"start":{"line":20,"column":24},"end":{"line":20,"column":27}},"loc":{"start":{"line":20,"column":30},"end":{"line":32,"column":1}},"line":20}},"branchMap":{"0":{"loc":{"start":{"line":44,"column":0},"end":{"line":49,"column":1}},"type":"if","locations":[{"start":{"line":44,"column":0},"end":{"line":49,"column":1}},{"start":{"line":44,"column":0},"end":{"line":49,"column":1}}],"line":44}},"s":{"0":0,"1":0,"2":0,"3":0,"4":0,"5":0},"f":{"0":0},"b":{"0":[0,0]}}
,"/Users/luke/Documents/Code/EC500/HW4/camera-app-ljstaib/Styles.js": {"path":"/Users/luke/Documents/Code/EC500/HW4/camera-app-ljstaib/Styles.js","statementMap":{"0":{"start":{"line":6,"column":22},"end":{"line":191,"column":2}}},"fnMap":{},"branchMap":{},"s":{"0":2},"f":{},"b":{},"_coverageSchema":"1a1c01bbd47fc00a2c39e90264f33305004495a9","hash":"3320ee313902b89a8c52a70ee6c635597d85b2bd"}
,"/Users/luke/Documents/Code/EC500/HW4/camera-app-ljstaib/screens/CameraScreen.js": {"path":"/Users/luke/Documents/Code/EC500/HW4/camera-app-ljstaib/screens/CameraScreen.js","statementMap":{"0":{"start":{"line":27,"column":16},"end":{"line":27,"column":20}},"1":{"start":{"line":30,"column":15},"end":{"line":30,"column":26}},"2":{"start":{"line":33,"column":14},"end":{"line":33,"column":19}},"3":{"start":{"line":37,"column":44},"end":{"line":37,"column":58}},"4":{"start":{"line":38,"column":30},"end":{"line":38,"column":44}},"5":{"start":{"line":39,"column":32},"end":{"line":39,"column":68}},"6":{"start":{"line":40,"column":24},"end":{"line":40,"column":38}},"7":{"start":{"line":41,"column":40},"end":{"line":41,"column":52}},"8":{"start":{"line":42,"column":34},"end":{"line":42,"column":49}},"9":{"start":{"line":45,"column":52},"end":{"line":45,"column":66}},"10":{"start":{"line":46,"column":36},"end":{"line":46,"column":51}},"11":{"start":{"line":47,"column":40},"end":{"line":47,"column":54}},"12":{"start":{"line":48,"column":40},"end":{"line":48,"column":54}},"13":{"start":{"line":51,"column":54},"end":{"line":51,"column":68}},"14":{"start":{"line":52,"column":24},"end":{"line":52,"column":38}},"15":{"start":{"line":55,"column":36},"end":{"line":55,"column":51}},"16":{"start":{"line":58,"column":22},"end":{"line":58,"column":49}},"17":{"start":{"line":59,"column":15},"end":{"line":59,"column":30}},"18":{"start":{"line":61,"column":28},"end":{"line":68,"column":3}},"19":{"start":{"line":62,"column":4},"end":{"line":62,"column":23}},"20":{"start":{"line":63,"column":4},"end":{"line":63,"column":25}},"21":{"start":{"line":64,"column":4},"end":{"line":64,"column":25}},"22":{"start":{"line":65,"column":4},"end":{"line":65,"column":19}},"23":{"start":{"line":66,"column":4},"end":{"line":66,"column":30}},"24":{"start":{"line":67,"column":4},"end":{"line":67,"column":84}},"25":{"start":{"line":70,"column":2},"end":{"line":75,"column":9}},"26":{"start":{"line":71,"column":4},"end":{"line":74,"column":9}},"27":{"start":{"line":72,"column":25},"end":{"line":72,"column":63}},"28":{"start":{"line":73,"column":6},"end":{"line":73,"column":45}},"29":{"start":{"line":77,"column":2},"end":{"line":82,"column":9}},"30":{"start":{"line":78,"column":4},"end":{"line":81,"column":9}},"31":{"start":{"line":79,"column":25},"end":{"line":79,"column":71}},"32":{"start":{"line":80,"column":6},"end":{"line":80,"column":49}},"33":{"start":{"line":84,"column":2},"end":{"line":89,"column":9}},"34":{"start":{"line":85,"column":4},"end":{"line":88,"column":9}},"35":{"start":{"line":86,"column":23},"end":{"line":86,"column":63}},"36":{"start":{"line":87,"column":6},"end":{"line":87,"column":50}},"37":{"start":{"line":91,"column":21},"end":{"line":93,"column":3}},"38":{"start":{"line":92,"column":4},"end":{"line":92,"column":21}},"39":{"start":{"line":95,"column":2},"end":{"line":105,"column":9}},"40":{"start":{"line":96,"column":16},"end":{"line":100,"column":11}},"41":{"start":{"line":97,"column":6},"end":{"line":97,"column":23}},"42":{"start":{"line":98,"column":6},"end":{"line":98,"column":22}},"43":{"start":{"line":99,"column":6},"end":{"line":99,"column":27}},"44":{"start":{"line":101,"column":4},"end":{"line":104,"column":5}},"45":{"start":{"line":102,"column":6},"end":{"line":102,"column":26}},"46":{"start":{"line":103,"column":6},"end":{"line":103,"column":22}},"47":{"start":{"line":107,"column":2},"end":{"line":109,"column":3}},"48":{"start":{"line":108,"column":4},"end":{"line":108,"column":116}},"49":{"start":{"line":110,"column":2},"end":{"line":112,"column":3}},"50":{"start":{"line":111,"column":4},"end":{"line":111,"column":113}},"51":{"start":{"line":113,"column":2},"end":{"line":185,"column":3}},"52":{"start":{"line":114,"column":4},"end":{"line":149,"column":6}},"53":{"start":{"line":118,"column":22},"end":{"line":118,"column":36}},"54":{"start":{"line":129,"column":16},"end":{"line":131,"column":18}},"55":{"start":{"line":136,"column":18},"end":{"line":136,"column":34}},"56":{"start":{"line":141,"column":16},"end":{"line":141,"column":49}},"57":{"start":{"line":152,"column":4},"end":{"line":184,"column":5}},"58":{"start":{"line":153,"column":6},"end":{"line":175,"column":8}},"59":{"start":{"line":162,"column":45},"end":{"line":162,"column":72}},"60":{"start":{"line":163,"column":38},"end":{"line":163,"column":56}},"61":{"start":{"line":168,"column":46},"end":{"line":168,"column":63}},"62":{"start":{"line":168,"column":64},"end":{"line":168,"column":80}},"63":{"start":{"line":168,"column":81},"end":{"line":168,"column":102}},"64":{"start":{"line":168,"column":103},"end":{"line":168,"column":123}},"65":{"start":{"line":168,"column":124},"end":{"line":168,"column":145}},"66":{"start":{"line":168,"column":146},"end":{"line":168,"column":167}},"67":{"start":{"line":171,"column":46},"end":{"line":171,"column":65}},"68":{"start":{"line":171,"column":66},"end":{"line":171,"column":141}},"69":{"start":{"line":171,"column":142},"end":{"line":171,"column":163}},"70":{"start":{"line":171,"column":164},"end":{"line":171,"column":185}},"71":{"start":{"line":171,"column":186},"end":{"line":171,"column":206}},"72":{"start":{"line":171,"column":207},"end":{"line":171,"column":228}},"73":{"start":{"line":171,"column":229},"end":{"line":171,"column":250}},"74":{"start":{"line":178,"column":6},"end":{"line":183,"column":8}},"75":{"start":{"line":190,"column":2},"end":{"line":190,"column":39}},"76":{"start":{"line":191,"column":2},"end":{"line":206,"column":3}},"77":{"start":{"line":193,"column":16},"end":{"line":197,"column":6}},"78":{"start":{"line":199,"column":22},"end":{"line":199,"column":66}},"79":{"start":{"line":200,"column":4},"end":{"line":200,"column":76}},"80":{"start":{"line":202,"column":4},"end":{"line":202,"column":25}},"81":{"start":{"line":205,"column":4},"end":{"line":205,"column":46}},"82":{"start":{"line":211,"column":2},"end":{"line":211,"column":16}},"83":{"start":{"line":212,"column":2},"end":{"line":212,"column":28}},"84":{"start":{"line":213,"column":18},"end":{"line":213,"column":47}},"85":{"start":{"line":214,"column":2},"end":{"line":214,"column":41}},"86":{"start":{"line":215,"column":2},"end":{"line":215,"column":27}},"87":{"start":{"line":216,"column":2},"end":{"line":216,"column":24}},"88":{"start":{"line":217,"column":2},"end":{"line":217,"column":43}},"89":{"start":{"line":220,"column":2},"end":{"line":222,"column":3}},"90":{"start":{"line":221,"column":4},"end":{"line":221,"column":20}},"91":{"start":{"line":223,"column":2},"end":{"line":225,"column":3}},"92":{"start":{"line":224,"column":4},"end":{"line":224,"column":20}},"93":{"start":{"line":227,"column":2},"end":{"line":267,"column":3}},"94":{"start":{"line":228,"column":4},"end":{"line":228,"column":42}},"95":{"start":{"line":229,"column":4},"end":{"line":229,"column":64}},"96":{"start":{"line":230,"column":14},"end":{"line":230,"column":22}},"97":{"start":{"line":231,"column":19},"end":{"line":240,"column":5}},"98":{"start":{"line":243,"column":20},"end":{"line":243,"column":99}},"99":{"start":{"line":244,"column":4},"end":{"line":248,"column":5}},"100":{"start":{"line":246,"column":6},"end":{"line":246,"column":49}},"101":{"start":{"line":250,"column":21},"end":{"line":250,"column":37}},"102":{"start":{"line":251,"column":17},"end":{"line":251,"column":38}},"103":{"start":{"line":252,"column":16},"end":{"line":252,"column":78}},"104":{"start":{"line":253,"column":4},"end":{"line":262,"column":7}},"105":{"start":{"line":254,"column":6},"end":{"line":254,"column":69}},"106":{"start":{"line":255,"column":6},"end":{"line":255,"column":46}},"107":{"start":{"line":256,"column":6},"end":{"line":256,"column":21}},"108":{"start":{"line":259,"column":6},"end":{"line":259,"column":44}},"109":{"start":{"line":260,"column":6},"end":{"line":260,"column":64}},"110":{"start":{"line":261,"column":6},"end":{"line":261,"column":21}},"111":{"start":{"line":265,"column":4},"end":{"line":265,"column":48}},"112":{"start":{"line":266,"column":4},"end":{"line":266,"column":19}}},"fnMap":{"0":{"name":"CameraScreen","decl":{"start":{"line":35,"column":9},"end":{"line":35,"column":21}},"loc":{"start":{"line":35,"column":38},"end":{"line":186,"column":1}},"line":35},"1":{"name":"(anonymous_1)","decl":{"start":{"line":61,"column":28},"end":{"line":61,"column":29}},"loc":{"start":{"line":61,"column":48},"end":{"line":68,"column":3}},"line":61},"2":{"name":"(anonymous_2)","decl":{"start":{"line":70,"column":12},"end":{"line":70,"column":13}},"loc":{"start":{"line":70,"column":18},"end":{"line":75,"column":3}},"line":70},"3":{"name":"(anonymous_3)","decl":{"start":{"line":71,"column":5},"end":{"line":71,"column":6}},"loc":{"start":{"line":71,"column":17},"end":{"line":74,"column":5}},"line":71},"4":{"name":"(anonymous_4)","decl":{"start":{"line":77,"column":12},"end":{"line":77,"column":13}},"loc":{"start":{"line":77,"column":18},"end":{"line":82,"column":3}},"line":77},"5":{"name":"(anonymous_5)","decl":{"start":{"line":78,"column":5},"end":{"line":78,"column":6}},"loc":{"start":{"line":78,"column":17},"end":{"line":81,"column":5}},"line":78},"6":{"name":"(anonymous_6)","decl":{"start":{"line":84,"column":12},"end":{"line":84,"column":13}},"loc":{"start":{"line":84,"column":18},"end":{"line":89,"column":3}},"line":84},"7":{"name":"(anonymous_7)","decl":{"start":{"line":85,"column":5},"end":{"line":85,"column":6}},"loc":{"start":{"line":85,"column":17},"end":{"line":88,"column":5}},"line":85},"8":{"name":"(anonymous_8)","decl":{"start":{"line":91,"column":21},"end":{"line":91,"column":22}},"loc":{"start":{"line":91,"column":27},"end":{"line":93,"column":3}},"line":91},"9":{"name":"(anonymous_9)","decl":{"start":{"line":95,"column":12},"end":{"line":95,"column":13}},"loc":{"start":{"line":95,"column":18},"end":{"line":105,"column":3}},"line":95},"10":{"name":"(anonymous_10)","decl":{"start":{"line":96,"column":28},"end":{"line":96,"column":29}},"loc":{"start":{"line":96,"column":34},"end":{"line":100,"column":5}},"line":96},"11":{"name":"(anonymous_11)","decl":{"start":{"line":101,"column":11},"end":{"line":101,"column":12}},"loc":{"start":{"line":101,"column":17},"end":{"line":104,"column":5}},"line":101},"12":{"name":"(anonymous_12)","decl":{"start":{"line":118,"column":15},"end":{"line":118,"column":16}},"loc":{"start":{"line":118,"column":22},"end":{"line":118,"column":36}},"line":118},"13":{"name":"(anonymous_13)","decl":{"start":{"line":128,"column":23},"end":{"line":128,"column":24}},"loc":{"start":{"line":128,"column":29},"end":{"line":132,"column":15}},"line":128},"14":{"name":"(anonymous_14)","decl":{"start":{"line":135,"column":62},"end":{"line":135,"column":63}},"loc":{"start":{"line":135,"column":68},"end":{"line":137,"column":17}},"line":135},"15":{"name":"(anonymous_15)","decl":{"start":{"line":140,"column":41},"end":{"line":140,"column":42}},"loc":{"start":{"line":140,"column":47},"end":{"line":141,"column":50}},"line":140},"16":{"name":"(anonymous_16)","decl":{"start":{"line":162,"column":30},"end":{"line":162,"column":31}},"loc":{"start":{"line":162,"column":45},"end":{"line":162,"column":72}},"line":162},"17":{"name":"(anonymous_17)","decl":{"start":{"line":163,"column":33},"end":{"line":163,"column":34}},"loc":{"start":{"line":163,"column":38},"end":{"line":163,"column":56}},"line":163},"18":{"name":"(anonymous_18)","decl":{"start":{"line":168,"column":39},"end":{"line":168,"column":40}},"loc":{"start":{"line":168,"column":45},"end":{"line":168,"column":168}},"line":168},"19":{"name":"(anonymous_19)","decl":{"start":{"line":171,"column":39},"end":{"line":171,"column":40}},"loc":{"start":{"line":171,"column":45},"end":{"line":171,"column":251}},"line":171},"20":{"name":"savePic","decl":{"start":{"line":188,"column":15},"end":{"line":188,"column":22}},"loc":{"start":{"line":189,"column":0},"end":{"line":207,"column":1}},"line":189},"21":{"name":"storePic","decl":{"start":{"line":209,"column":15},"end":{"line":209,"column":23}},"loc":{"start":{"line":210,"column":0},"end":{"line":268,"column":1}},"line":210},"22":{"name":"(anonymous_22)","decl":{"start":{"line":253,"column":33},"end":{"line":253,"column":34}},"loc":{"start":{"line":253,"column":47},"end":{"line":257,"column":5}},"line":253},"23":{"name":"(anonymous_23)","decl":{"start":{"line":258,"column":11},"end":{"line":258,"column":12}},"loc":{"start":{"line":258,"column":22},"end":{"line":262,"column":5}},"line":258}},"branchMap":{"0":{"loc":{"start":{"line":107,"column":2},"end":{"line":109,"column":3}},"type":"if","locations":[{"start":{"line":107,"column":2},"end":{"line":109,"column":3}},{"start":{"line":107,"column":2},"end":{"line":109,"column":3}}],"line":107},"1":{"loc":{"start":{"line":107,"column":6},"end":{"line":107,"column":89}},"type":"binary-expr","locations":[{"start":{"line":107,"column":6},"end":{"line":107,"column":28}},{"start":{"line":107,"column":32},"end":{"line":107,"column":58}},{"start":{"line":107,"column":62},"end":{"line":107,"column":89}}],"line":107},"2":{"loc":{"start":{"line":110,"column":2},"end":{"line":112,"column":3}},"type":"if","locations":[{"start":{"line":110,"column":2},"end":{"line":112,"column":3}},{"start":{"line":110,"column":2},"end":{"line":112,"column":3}}],"line":110},"3":{"loc":{"start":{"line":110,"column":6},"end":{"line":110,"column":92}},"type":"binary-expr","locations":[{"start":{"line":110,"column":6},"end":{"line":110,"column":29}},{"start":{"line":110,"column":33},"end":{"line":110,"column":60}},{"start":{"line":110,"column":64},"end":{"line":110,"column":92}}],"line":110},"4":{"loc":{"start":{"line":113,"column":2},"end":{"line":185,"column":3}},"type":"if","locations":[{"start":{"line":113,"column":2},"end":{"line":185,"column":3}},{"start":{"line":113,"column":2},"end":{"line":185,"column":3}}],"line":113},"5":{"loc":{"start":{"line":121,"column":28},"end":{"line":121,"column":69}},"type":"cond-expr","locations":[{"start":{"line":121,"column":40},"end":{"line":121,"column":49}},{"start":{"line":121,"column":52},"end":{"line":121,"column":69}}],"line":121},"6":{"loc":{"start":{"line":130,"column":18},"end":{"line":130,"column":115}},"type":"cond-expr","locations":[{"start":{"line":130,"column":59},"end":{"line":130,"column":86}},{"start":{"line":130,"column":89},"end":{"line":130,"column":115}}],"line":130},"7":{"loc":{"start":{"line":152,"column":4},"end":{"line":184,"column":5}},"type":"if","locations":[{"start":{"line":152,"column":4},"end":{"line":184,"column":5}},{"start":{"line":152,"column":4},"end":{"line":184,"column":5}}],"line":152},"8":{"loc":{"start":{"line":191,"column":2},"end":{"line":206,"column":3}},"type":"if","locations":[{"start":{"line":191,"column":2},"end":{"line":206,"column":3}},{"start":{"line":191,"column":2},"end":{"line":206,"column":3}}],"line":191},"9":{"loc":{"start":{"line":220,"column":2},"end":{"line":222,"column":3}},"type":"if","locations":[{"start":{"line":220,"column":2},"end":{"line":222,"column":3}},{"start":{"line":220,"column":2},"end":{"line":222,"column":3}}],"line":220},"10":{"loc":{"start":{"line":223,"column":2},"end":{"line":225,"column":3}},"type":"if","locations":[{"start":{"line":223,"column":2},"end":{"line":225,"column":3}},{"start":{"line":223,"column":2},"end":{"line":225,"column":3}}],"line":223},"11":{"loc":{"start":{"line":227,"column":2},"end":{"line":267,"column":3}},"type":"if","locations":[{"start":{"line":227,"column":2},"end":{"line":267,"column":3}},{"start":{"line":227,"column":2},"end":{"line":267,"column":3}}],"line":227},"12":{"loc":{"start":{"line":227,"column":6},"end":{"line":227,"column":42}},"type":"binary-expr","locations":[{"start":{"line":227,"column":6},"end":{"line":227,"column":23}},{"start":{"line":227,"column":27},"end":{"line":227,"column":42}}],"line":227},"13":{"loc":{"start":{"line":244,"column":4},"end":{"line":248,"column":5}},"type":"if","locations":[{"start":{"line":244,"column":4},"end":{"line":248,"column":5}},{"start":{"line":244,"column":4},"end":{"line":248,"column":5}}],"line":244}},"s":{"0":0,"1":0,"2":0,"3":0,"4":0,"5":0,"6":0,"7":0,"8":0,"9":0,"10":0,"11":0,"12":0,"13":0,"14":0,"15":0,"16":0,"17":0,"18":0,"19":0,"20":0,"21":0,"22":0,"23":0,"24":0,"25":0,"26":0,"27":0,"28":0,"29":0,"30":0,"31":0,"32":0,"33":0,"34":0,"35":0,"36":0,"37":0,"38":0,"39":0,"40":0,"41":0,"42":0,"43":0,"44":0,"45":0,"46":0,"47":0,"48":0,"49":0,"50":0,"51":0,"52":0,"53":0,"54":0,"55":0,"56":0,"57":0,"58":0,"59":0,"60":0,"61":0,"62":0,"63":0,"64":0,"65":0,"66":0,"67":0,"68":0,"69":0,"70":0,"71":0,"72":0,"73":0,"74":0,"75":0,"76":0,"77":0,"78":0,"79":0,"80":0,"81":0,"82":0,"83":0,"84":0,"85":0,"86":0,"87":0,"88":0,"89":0,"90":0,"91":0,"92":0,"93":0,"94":0,"95":0,"96":0,"97":0,"98":0,"99":0,"100":0,"101":0,"102":0,"103":0,"104":0,"105":0,"106":0,"107":0,"108":0,"109":0,"110":0,"111":0,"112":0},"f":{"0":0,"1":0,"2":0,"3":0,"4":0,"5":0,"6":0,"7":0,"8":0,"9":0,"10":0,"11":0,"12":0,"13":0,"14":0,"15":0,"16":0,"17":0,"18":0,"19":0,"20":0,"21":0,"22":0,"23":0},"b":{"0":[0,0],"1":[0,0,0],"2":[0,0],"3":[0,0,0],"4":[0,0],"5":[0,0],"6":[0,0],"7":[0,0],"8":[0,0],"9":[0,0],"10":[0,0],"11":[0,0],"12":[0,0],"13":[0,0]}}
,"/Users/luke/Documents/Code/EC500/HW4/camera-app-ljstaib/screens/HomeScreen.js": {"path":"/Users/luke/Documents/Code/EC500/HW4/camera-app-ljstaib/screens/HomeScreen.js","statementMap":{"0":{"start":{"line":12,"column":18},"end":{"line":12,"column":29}},"1":{"start":{"line":13,"column":14},"end":{"line":13,"column":25}},"2":{"start":{"line":14,"column":13},"end":{"line":14,"column":18}},"3":{"start":{"line":15,"column":17},"end":{"line":15,"column":22}},"4":{"start":{"line":18,"column":22},"end":{"line":18,"column":49}},"5":{"start":{"line":19,"column":15},"end":{"line":19,"column":30}},"6":{"start":{"line":20,"column":21},"end":{"line":20,"column":38}},"7":{"start":{"line":22,"column":36},"end":{"line":22,"column":51}},"8":{"start":{"line":24,"column":25},"end":{"line":29,"column":3}},"9":{"start":{"line":30,"column":34},"end":{"line":30,"column":58}},"10":{"start":{"line":32,"column":21},"end":{"line":38,"column":3}},"11":{"start":{"line":33,"column":4},"end":{"line":37,"column":6}},"12":{"start":{"line":51,"column":2},"end":{"line":81,"column":19}},"13":{"start":{"line":52,"column":21},"end":{"line":79,"column":5}},"14":{"start":{"line":53,"column":6},"end":{"line":53,"column":29}},"15":{"start":{"line":55,"column":6},"end":{"line":55,"column":62}},"16":{"start":{"line":56,"column":6},"end":{"line":56,"column":30}},"17":{"start":{"line":58,"column":6},"end":{"line":75,"column":7}},"18":{"start":{"line":58,"column":19},"end":{"line":58,"column":20}},"19":{"start":{"line":59,"column":8},"end":{"line":59,"column":31}},"20":{"start":{"line":60,"column":8},"end":{"line":60,"column":33}},"21":{"start":{"line":61,"column":8},"end":{"line":61,"column":31}},"22":{"start":{"line":62,"column":8},"end":{"line":62,"column":32}},"23":{"start":{"line":64,"column":8},"end":{"line":74,"column":9}},"24":{"start":{"line":66,"column":25},"end":{"line":70,"column":11}},"25":{"start":{"line":71,"column":10},"end":{"line":71,"column":31}},"26":{"start":{"line":72,"column":10},"end":{"line":72,"column":33}},"27":{"start":{"line":73,"column":10},"end":{"line":73,"column":73}},"28":{"start":{"line":76,"column":6},"end":{"line":76,"column":26}},"29":{"start":{"line":77,"column":6},"end":{"line":77,"column":19}},"30":{"start":{"line":78,"column":6},"end":{"line":78,"column":24}},"31":{"start":{"line":80,"column":4},"end":{"line":80,"column":15}},"32":{"start":{"line":83,"column":2},"end":{"line":92,"column":9}},"33":{"start":{"line":84,"column":16},"end":{"line":86,"column":12}},"34":{"start":{"line":85,"column":6},"end":{"line":85,"column":26}},"35":{"start":{"line":87,"column":4},"end":{"line":91,"column":5}},"36":{"start":{"line":88,"column":6},"end":{"line":88,"column":26}},"37":{"start":{"line":89,"column":6},"end":{"line":89,"column":20}},"38":{"start":{"line":90,"column":6},"end":{"line":90,"column":25}},"39":{"start":{"line":94,"column":2},"end":{"line":146,"column":3}},"40":{"start":{"line":95,"column":4},"end":{"line":100,"column":6}},"41":{"start":{"line":103,"column":4},"end":{"line":145,"column":6}},"42":{"start":{"line":115,"column":10},"end":{"line":121,"column":11}},"43":{"start":{"line":126,"column":30},"end":{"line":126,"column":56}},"44":{"start":{"line":126,"column":57},"end":{"line":126,"column":75}},"45":{"start":{"line":126,"column":76},"end":{"line":126,"column":91}},"46":{"start":{"line":130,"column":29},"end":{"line":130,"column":64}},"47":{"start":{"line":134,"column":29},"end":{"line":134,"column":61}},"48":{"start":{"line":140,"column":29},"end":{"line":140,"column":48}},"49":{"start":{"line":149,"column":4},"end":{"line":149,"column":44}},"50":{"start":{"line":153,"column":19},"end":{"line":153,"column":30}},"51":{"start":{"line":155,"column":21},"end":{"line":155,"column":45}},"52":{"start":{"line":156,"column":20},"end":{"line":156,"column":56}},"53":{"start":{"line":157,"column":4},"end":{"line":199,"column":7}},"54":{"start":{"line":159,"column":6},"end":{"line":163,"column":9}},"55":{"start":{"line":160,"column":8},"end":{"line":162,"column":9}},"56":{"start":{"line":161,"column":10},"end":{"line":161,"column":58}},"57":{"start":{"line":166,"column":6},"end":{"line":195,"column":7}},"58":{"start":{"line":167,"column":8},"end":{"line":191,"column":9}},"59":{"start":{"line":167,"column":21},"end":{"line":167,"column":22}},"60":{"start":{"line":168,"column":10},"end":{"line":168,"column":53}},"61":{"start":{"line":169,"column":10},"end":{"line":180,"column":12}},"62":{"start":{"line":171,"column":12},"end":{"line":171,"column":51}},"63":{"start":{"line":172,"column":12},"end":{"line":174,"column":13}},"64":{"start":{"line":173,"column":14},"end":{"line":173,"column":53}},"65":{"start":{"line":175,"column":12},"end":{"line":175,"column":55}},"66":{"start":{"line":176,"column":12},"end":{"line":176,"column":57}},"67":{"start":{"line":179,"column":12},"end":{"line":179,"column":89}},"68":{"start":{"line":182,"column":10},"end":{"line":190,"column":13}},"69":{"start":{"line":184,"column":12},"end":{"line":184,"column":21}},"70":{"start":{"line":185,"column":23},"end":{"line":185,"column":59}},"71":{"start":{"line":186,"column":12},"end":{"line":186,"column":34}},"72":{"start":{"line":189,"column":12},"end":{"line":189,"column":89}},"73":{"start":{"line":194,"column":8},"end":{"line":194,"column":47}},"74":{"start":{"line":198,"column":6},"end":{"line":198,"column":79}},"75":{"start":{"line":205,"column":2},"end":{"line":213,"column":5}},"76":{"start":{"line":207,"column":4},"end":{"line":207,"column":38}},"77":{"start":{"line":210,"column":20},"end":{"line":210,"column":26}},"78":{"start":{"line":211,"column":23},"end":{"line":211,"column":32}},"79":{"start":{"line":212,"column":4},"end":{"line":212,"column":94}}},"fnMap":{"0":{"name":"HomeScreen","decl":{"start":{"line":17,"column":9},"end":{"line":17,"column":19}},"loc":{"start":{"line":17,"column":36},"end":{"line":201,"column":1}},"line":17},"1":{"name":"(anonymous_1)","decl":{"start":{"line":32,"column":21},"end":{"line":32,"column":22}},"loc":{"start":{"line":33,"column":4},"end":{"line":37,"column":6}},"line":33},"2":{"name":"(anonymous_2)","decl":{"start":{"line":51,"column":12},"end":{"line":51,"column":13}},"loc":{"start":{"line":51,"column":18},"end":{"line":81,"column":3}},"line":51},"3":{"name":"(anonymous_3)","decl":{"start":{"line":52,"column":21},"end":{"line":52,"column":22}},"loc":{"start":{"line":52,"column":33},"end":{"line":79,"column":5}},"line":52},"4":{"name":"(anonymous_4)","decl":{"start":{"line":83,"column":12},"end":{"line":83,"column":13}},"loc":{"start":{"line":83,"column":18},"end":{"line":92,"column":3}},"line":83},"5":{"name":"(anonymous_5)","decl":{"start":{"line":84,"column":28},"end":{"line":84,"column":29}},"loc":{"start":{"line":84,"column":34},"end":{"line":86,"column":5}},"line":84},"6":{"name":"(anonymous_6)","decl":{"start":{"line":87,"column":11},"end":{"line":87,"column":12}},"loc":{"start":{"line":87,"column":17},"end":{"line":91,"column":5}},"line":87},"7":{"name":"(anonymous_7)","decl":{"start":{"line":114,"column":21},"end":{"line":114,"column":22}},"loc":{"start":{"line":114,"column":43},"end":{"line":122,"column":9}},"line":114},"8":{"name":"(anonymous_8)","decl":{"start":{"line":126,"column":23},"end":{"line":126,"column":24}},"loc":{"start":{"line":126,"column":29},"end":{"line":126,"column":92}},"line":126},"9":{"name":"(anonymous_9)","decl":{"start":{"line":130,"column":23},"end":{"line":130,"column":24}},"loc":{"start":{"line":130,"column":29},"end":{"line":130,"column":64}},"line":130},"10":{"name":"(anonymous_10)","decl":{"start":{"line":134,"column":23},"end":{"line":134,"column":24}},"loc":{"start":{"line":134,"column":29},"end":{"line":134,"column":61}},"line":134},"11":{"name":"(anonymous_11)","decl":{"start":{"line":140,"column":23},"end":{"line":140,"column":24}},"loc":{"start":{"line":140,"column":29},"end":{"line":140,"column":48}},"line":140},"12":{"name":"getMarkers","decl":{"start":{"line":148,"column":17},"end":{"line":148,"column":27}},"loc":{"start":{"line":148,"column":34},"end":{"line":200,"column":3}},"line":148},"13":{"name":"(anonymous_13)","decl":{"start":{"line":158,"column":10},"end":{"line":158,"column":11}},"loc":{"start":{"line":158,"column":22},"end":{"line":164,"column":5}},"line":158},"14":{"name":"(anonymous_14)","decl":{"start":{"line":159,"column":27},"end":{"line":159,"column":28}},"loc":{"start":{"line":159,"column":40},"end":{"line":163,"column":7}},"line":159},"15":{"name":"(anonymous_15)","decl":{"start":{"line":165,"column":10},"end":{"line":165,"column":11}},"loc":{"start":{"line":165,"column":27},"end":{"line":196,"column":5}},"line":165},"16":{"name":"(anonymous_16)","decl":{"start":{"line":170,"column":16},"end":{"line":170,"column":17}},"loc":{"start":{"line":170,"column":30},"end":{"line":177,"column":11}},"line":170},"17":{"name":"(anonymous_17)","decl":{"start":{"line":178,"column":17},"end":{"line":178,"column":18}},"loc":{"start":{"line":178,"column":28},"end":{"line":180,"column":11}},"line":178},"18":{"name":"(anonymous_18)","decl":{"start":{"line":183,"column":16},"end":{"line":183,"column":17}},"loc":{"start":{"line":183,"column":25},"end":{"line":187,"column":11}},"line":183},"19":{"name":"(anonymous_19)","decl":{"start":{"line":188,"column":17},"end":{"line":188,"column":18}},"loc":{"start":{"line":188,"column":28},"end":{"line":190,"column":11}},"line":188},"20":{"name":"(anonymous_20)","decl":{"start":{"line":197,"column":11},"end":{"line":197,"column":12}},"loc":{"start":{"line":197,"column":22},"end":{"line":199,"column":5}},"line":197},"21":{"name":"signOut","decl":{"start":{"line":204,"column":15},"end":{"line":204,"column":22}},"loc":{"start":{"line":204,"column":35},"end":{"line":214,"column":1}},"line":204},"22":{"name":"(anonymous_22)","decl":{"start":{"line":206,"column":8},"end":{"line":206,"column":9}},"loc":{"start":{"line":206,"column":19},"end":{"line":208,"column":3}},"line":206},"23":{"name":"(anonymous_23)","decl":{"start":{"line":209,"column":9},"end":{"line":209,"column":10}},"loc":{"start":{"line":209,"column":21},"end":{"line":213,"column":3}},"line":209}},"branchMap":{"0":{"loc":{"start":{"line":64,"column":8},"end":{"line":74,"column":9}},"type":"if","locations":[{"start":{"line":64,"column":8},"end":{"line":74,"column":9}},{"start":{"line":64,"column":8},"end":{"line":74,"column":9}}],"line":64},"1":{"loc":{"start":{"line":64,"column":12},"end":{"line":64,"column":106}},"type":"binary-expr","locations":[{"start":{"line":64,"column":13},"end":{"line":64,"column":39}},{"start":{"line":64,"column":43},"end":{"line":64,"column":55}},{"start":{"line":64,"column":61},"end":{"line":64,"column":88}},{"start":{"line":64,"column":92},"end":{"line":64,"column":105}}],"line":64},"2":{"loc":{"start":{"line":94,"column":2},"end":{"line":146,"column":3}},"type":"if","locations":[{"start":{"line":94,"column":2},"end":{"line":146,"column":3}},{"start":{"line":94,"column":2},"end":{"line":146,"column":3}}],"line":94},"3":{"loc":{"start":{"line":160,"column":8},"end":{"line":162,"column":9}},"type":"if","locations":[{"start":{"line":160,"column":8},"end":{"line":162,"column":9}},{"start":{"line":160,"column":8},"end":{"line":162,"column":9}}],"line":160},"4":{"loc":{"start":{"line":166,"column":6},"end":{"line":195,"column":7}},"type":"if","locations":[{"start":{"line":166,"column":6},"end":{"line":195,"column":7}},{"start":{"line":166,"column":6},"end":{"line":195,"column":7}}],"line":166},"5":{"loc":{"start":{"line":172,"column":12},"end":{"line":174,"column":13}},"type":"if","locations":[{"start":{"line":172,"column":12},"end":{"line":174,"column":13}},{"start":{"line":172,"column":12},"end":{"line":174,"column":13}}],"line":172}},"s":{"0":0,"1":0,"2":0,"3":0,"4":0,"5":0,"6":0,"7":0,"8":0,"9":0,"10":0,"11":0,"12":0,"13":0,"14":0,"15":0,"16":0,"17":0,"18":0,"19":0,"20":0,"21":0,"22":0,"23":0,"24":0,"25":0,"26":0,"27":0,"28":0,"29":0,"30":0,"31":0,"32":0,"33":0,"34":0,"35":0,"36":0,"37":0,"38":0,"39":0,"40":0,"41":0,"42":0,"43":0,"44":0,"45":0,"46":0,"47":0,"48":0,"49":0,"50":0,"51":0,"52":0,"53":0,"54":0,"55":0,"56":0,"57":0,"58":0,"59":0,"60":0,"61":0,"62":0,"63":0,"64":0,"65":0,"66":0,"67":0,"68":0,"69":0,"70":0,"71":0,"72":0,"73":0,"74":0,"75":0,"76":0,"77":0,"78":0,"79":0},"f":{"0":0,"1":0,"2":0,"3":0,"4":0,"5":0,"6":0,"7":0,"8":0,"9":0,"10":0,"11":0,"12":0,"13":0,"14":0,"15":0,"16":0,"17":0,"18":0,"19":0,"20":0,"21":0,"22":0,"23":0},"b":{"0":[0,0],"1":[0,0,0,0],"2":[0,0],"3":[0,0],"4":[0,0],"5":[0,0]}}
,"/Users/luke/Documents/Code/EC500/HW4/camera-app-ljstaib/screens/LoginScreen.js": {"path":"/Users/luke/Documents/Code/EC500/HW4/camera-app-ljstaib/screens/LoginScreen.js","statementMap":{"0":{"start":{"line":11,"column":28},"end":{"line":11,"column":42}},"1":{"start":{"line":12,"column":34},"end":{"line":12,"column":48}},"2":{"start":{"line":14,"column":20},"end":{"line":18,"column":3}},"3":{"start":{"line":15,"column":4},"end":{"line":15,"column":20}},"4":{"start":{"line":16,"column":4},"end":{"line":16,"column":19}},"5":{"start":{"line":17,"column":4},"end":{"line":17,"column":22}},"6":{"start":{"line":20,"column":2},"end":{"line":58,"column":4}},"7":{"start":{"line":29,"column":35},"end":{"line":29,"column":50}},"8":{"start":{"line":30,"column":34},"end":{"line":30,"column":52}},"9":{"start":{"line":40,"column":38},"end":{"line":40,"column":59}},"10":{"start":{"line":41,"column":34},"end":{"line":41,"column":52}},"11":{"start":{"line":48,"column":10},"end":{"line":50,"column":11}},"12":{"start":{"line":49,"column":12},"end":{"line":49,"column":24}},"13":{"start":{"line":54,"column":42},"end":{"line":54,"column":54}},"14":{"start":{"line":54,"column":55},"end":{"line":54,"column":91}},"15":{"start":{"line":62,"column":2},"end":{"line":62,"column":43}},"16":{"start":{"line":63,"column":2},"end":{"line":98,"column":5}},"17":{"start":{"line":65,"column":4},"end":{"line":80,"column":5}},"18":{"start":{"line":68,"column":6},"end":{"line":68,"column":39}},"19":{"start":{"line":69,"column":6},"end":{"line":69,"column":38}},"20":{"start":{"line":70,"column":6},"end":{"line":70,"column":17}},"21":{"start":{"line":75,"column":6},"end":{"line":75,"column":47}},"22":{"start":{"line":76,"column":6},"end":{"line":76,"column":58}},"23":{"start":{"line":78,"column":6},"end":{"line":78,"column":15}},"24":{"start":{"line":79,"column":6},"end":{"line":79,"column":18}},"25":{"start":{"line":84,"column":4},"end":{"line":84,"column":87}},"26":{"start":{"line":85,"column":4},"end":{"line":96,"column":5}},"27":{"start":{"line":86,"column":6},"end":{"line":86,"column":78}},"28":{"start":{"line":88,"column":9},"end":{"line":96,"column":5}},"29":{"start":{"line":89,"column":6},"end":{"line":89,"column":50}},"30":{"start":{"line":91,"column":9},"end":{"line":96,"column":5}},"31":{"start":{"line":92,"column":6},"end":{"line":92,"column":47}},"32":{"start":{"line":95,"column":6},"end":{"line":95,"column":80}},"33":{"start":{"line":97,"column":4},"end":{"line":97,"column":16}},"34":{"start":{"line":102,"column":2},"end":{"line":107,"column":5}},"35":{"start":{"line":104,"column":20},"end":{"line":104,"column":26}},"36":{"start":{"line":105,"column":23},"end":{"line":105,"column":32}},"37":{"start":{"line":106,"column":4},"end":{"line":106,"column":94}}},"fnMap":{"0":{"name":"LoginScreen","decl":{"start":{"line":10,"column":9},"end":{"line":10,"column":20}},"loc":{"start":{"line":10,"column":37},"end":{"line":59,"column":1}},"line":10},"1":{"name":"(anonymous_1)","decl":{"start":{"line":14,"column":20},"end":{"line":14,"column":21}},"loc":{"start":{"line":14,"column":26},"end":{"line":18,"column":3}},"line":14},"2":{"name":"(anonymous_2)","decl":{"start":{"line":29,"column":26},"end":{"line":29,"column":27}},"loc":{"start":{"line":29,"column":35},"end":{"line":29,"column":50}},"line":29},"3":{"name":"(anonymous_3)","decl":{"start":{"line":30,"column":29},"end":{"line":30,"column":30}},"loc":{"start":{"line":30,"column":34},"end":{"line":30,"column":52}},"line":30},"4":{"name":"(anonymous_4)","decl":{"start":{"line":40,"column":26},"end":{"line":40,"column":27}},"loc":{"start":{"line":40,"column":38},"end":{"line":40,"column":59}},"line":40},"5":{"name":"(anonymous_5)","decl":{"start":{"line":41,"column":29},"end":{"line":41,"column":30}},"loc":{"start":{"line":41,"column":34},"end":{"line":41,"column":52}},"line":41},"6":{"name":"(anonymous_6)","decl":{"start":{"line":47,"column":35},"end":{"line":47,"column":36}},"loc":{"start":{"line":47,"column":41},"end":{"line":51,"column":9}},"line":47},"7":{"name":"(anonymous_7)","decl":{"start":{"line":54,"column":35},"end":{"line":54,"column":36}},"loc":{"start":{"line":54,"column":41},"end":{"line":54,"column":92}},"line":54},"8":{"name":"loginEmailPass","decl":{"start":{"line":61,"column":15},"end":{"line":61,"column":29}},"loc":{"start":{"line":61,"column":59},"end":{"line":99,"column":1}},"line":61},"9":{"name":"(anonymous_9)","decl":{"start":{"line":64,"column":8},"end":{"line":64,"column":9}},"loc":{"start":{"line":64,"column":14},"end":{"line":81,"column":3}},"line":64},"10":{"name":"(anonymous_10)","decl":{"start":{"line":82,"column":9},"end":{"line":82,"column":10}},"loc":{"start":{"line":82,"column":16},"end":{"line":98,"column":3}},"line":82},"11":{"name":"signOut","decl":{"start":{"line":101,"column":15},"end":{"line":101,"column":22}},"loc":{"start":{"line":101,"column":25},"end":{"line":108,"column":1}},"line":101},"12":{"name":"(anonymous_12)","decl":{"start":{"line":103,"column":9},"end":{"line":103,"column":10}},"loc":{"start":{"line":103,"column":21},"end":{"line":107,"column":3}},"line":103}},"branchMap":{"0":{"loc":{"start":{"line":48,"column":10},"end":{"line":50,"column":11}},"type":"if","locations":[{"start":{"line":48,"column":10},"end":{"line":50,"column":11}},{"start":{"line":48,"column":10},"end":{"line":50,"column":11}}],"line":48},"1":{"loc":{"start":{"line":65,"column":4},"end":{"line":80,"column":5}},"type":"if","locations":[{"start":{"line":65,"column":4},"end":{"line":80,"column":5}},{"start":{"line":65,"column":4},"end":{"line":80,"column":5}}],"line":65},"2":{"loc":{"start":{"line":85,"column":4},"end":{"line":96,"column":5}},"type":"if","locations":[{"start":{"line":85,"column":4},"end":{"line":96,"column":5}},{"start":{"line":85,"column":4},"end":{"line":96,"column":5}}],"line":85},"3":{"loc":{"start":{"line":88,"column":9},"end":{"line":96,"column":5}},"type":"if","locations":[{"start":{"line":88,"column":9},"end":{"line":96,"column":5}},{"start":{"line":88,"column":9},"end":{"line":96,"column":5}}],"line":88},"4":{"loc":{"start":{"line":91,"column":9},"end":{"line":96,"column":5}},"type":"if","locations":[{"start":{"line":91,"column":9},"end":{"line":96,"column":5}},{"start":{"line":91,"column":9},"end":{"line":96,"column":5}}],"line":91}},"s":{"0":1,"1":1,"2":1,"3":0,"4":0,"5":0,"6":1,"7":0,"8":0,"9":0,"10":0,"11":0,"12":0,"13":0,"14":0,"15":0,"16":0,"17":0,"18":0,"19":0,"20":0,"21":0,"22":0,"23":0,"24":0,"25":0,"26":0,"27":0,"28":0,"29":0,"30":0,"31":0,"32":0,"33":0,"34":0,"35":0,"36":0,"37":0},"f":{"0":1,"1":0,"2":0,"3":0,"4":0,"5":0,"6":0,"7":0,"8":0,"9":0,"10":0,"11":0,"12":0},"b":{"0":[0,0],"1":[0,0],"2":[0,0],"3":[0,0],"4":[0,0]},"_coverageSchema":"1a1c01bbd47fc00a2c39e90264f33305004495a9","hash":"101c5006e0c02beaf184bc3bd89e6ec72b23b8df"}
,"/Users/luke/Documents/Code/EC500/HW4/camera-app-ljstaib/screens/PhotoList.js": {"path":"/Users/luke/Documents/Code/EC500/HW4/camera-app-ljstaib/screens/PhotoList.js","statementMap":{"0":{"start":{"line":11,"column":19},"end":{"line":11,"column":30}},"1":{"start":{"line":14,"column":17},"end":{"line":24,"column":1}},"2":{"start":{"line":15,"column":2},"end":{"line":23,"column":9}},"3":{"start":{"line":27,"column":36},"end":{"line":27,"column":50}},"4":{"start":{"line":28,"column":25},"end":{"line":28,"column":110}},"5":{"start":{"line":28,"column":37},"end":{"line":28,"column":110}},"6":{"start":{"line":30,"column":22},"end":{"line":30,"column":49}},"7":{"start":{"line":31,"column":15},"end":{"line":31,"column":30}},"8":{"start":{"line":33,"column":2},"end":{"line":41,"column":9}},"9":{"start":{"line":34,"column":21},"end":{"line":39,"column":5}},"10":{"start":{"line":35,"column":6},"end":{"line":35,"column":26}},"11":{"start":{"line":36,"column":6},"end":{"line":36,"column":33}},"12":{"start":{"line":37,"column":6},"end":{"line":37,"column":24}},"13":{"start":{"line":38,"column":6},"end":{"line":38,"column":62}},"14":{"start":{"line":40,"column":4},"end":{"line":40,"column":15}},"15":{"start":{"line":43,"column":2},"end":{"line":47,"column":4}},"16":{"start":{"line":45,"column":107},"end":{"line":45,"column":123}},"17":{"start":{"line":51,"column":2},"end":{"line":51,"column":39}},"18":{"start":{"line":54,"column":17},"end":{"line":54,"column":28}},"19":{"start":{"line":56,"column":19},"end":{"line":56,"column":43}},"20":{"start":{"line":57,"column":18},"end":{"line":57,"column":54}},"21":{"start":{"line":58,"column":2},"end":{"line":102,"column":5}},"22":{"start":{"line":60,"column":4},"end":{"line":64,"column":7}},"23":{"start":{"line":61,"column":6},"end":{"line":63,"column":7}},"24":{"start":{"line":62,"column":8},"end":{"line":62,"column":56}},"25":{"start":{"line":67,"column":4},"end":{"line":98,"column":5}},"26":{"start":{"line":68,"column":6},"end":{"line":94,"column":7}},"27":{"start":{"line":68,"column":19},"end":{"line":68,"column":20}},"28":{"start":{"line":69,"column":8},"end":{"line":69,"column":51}},"29":{"start":{"line":70,"column":8},"end":{"line":83,"column":10}},"30":{"start":{"line":72,"column":10},"end":{"line":72,"column":41}},"31":{"start":{"line":73,"column":10},"end":{"line":73,"column":49}},"32":{"start":{"line":74,"column":10},"end":{"line":76,"column":11}},"33":{"start":{"line":75,"column":12},"end":{"line":75,"column":51}},"34":{"start":{"line":77,"column":10},"end":{"line":77,"column":63}},"35":{"start":{"line":78,"column":10},"end":{"line":78,"column":59}},"36":{"start":{"line":79,"column":10},"end":{"line":79,"column":88}},"37":{"start":{"line":82,"column":10},"end":{"line":82,"column":87}},"38":{"start":{"line":85,"column":8},"end":{"line":93,"column":11}},"39":{"start":{"line":87,"column":10},"end":{"line":87,"column":19}},"40":{"start":{"line":88,"column":10},"end":{"line":88,"column":49}},"41":{"start":{"line":89,"column":10},"end":{"line":89,"column":68}},"42":{"start":{"line":92,"column":10},"end":{"line":92,"column":87}},"43":{"start":{"line":97,"column":6},"end":{"line":97,"column":45}},"44":{"start":{"line":101,"column":4},"end":{"line":101,"column":77}}},"fnMap":{"0":{"name":"(anonymous_0)","decl":{"start":{"line":14,"column":17},"end":{"line":14,"column":18}},"loc":{"start":{"line":15,"column":2},"end":{"line":23,"column":9}},"line":15},"1":{"name":"PhotoList","decl":{"start":{"line":26,"column":9},"end":{"line":26,"column":18}},"loc":{"start":{"line":26,"column":35},"end":{"line":48,"column":1}},"line":26},"2":{"name":"(anonymous_2)","decl":{"start":{"line":28,"column":25},"end":{"line":28,"column":26}},"loc":{"start":{"line":28,"column":37},"end":{"line":28,"column":110}},"line":28},"3":{"name":"(anonymous_3)","decl":{"start":{"line":33,"column":12},"end":{"line":33,"column":13}},"loc":{"start":{"line":33,"column":18},"end":{"line":41,"column":3}},"line":33},"4":{"name":"(anonymous_4)","decl":{"start":{"line":34,"column":21},"end":{"line":34,"column":22}},"loc":{"start":{"line":34,"column":33},"end":{"line":39,"column":5}},"line":34},"5":{"name":"(anonymous_5)","decl":{"start":{"line":45,"column":90},"end":{"line":45,"column":91}},"loc":{"start":{"line":45,"column":107},"end":{"line":45,"column":123}},"line":45},"6":{"name":"getPics","decl":{"start":{"line":50,"column":15},"end":{"line":50,"column":22}},"loc":{"start":{"line":50,"column":29},"end":{"line":103,"column":1}},"line":50},"7":{"name":"(anonymous_7)","decl":{"start":{"line":59,"column":8},"end":{"line":59,"column":9}},"loc":{"start":{"line":59,"column":20},"end":{"line":65,"column":3}},"line":59},"8":{"name":"(anonymous_8)","decl":{"start":{"line":60,"column":25},"end":{"line":60,"column":26}},"loc":{"start":{"line":60,"column":38},"end":{"line":64,"column":5}},"line":60},"9":{"name":"(anonymous_9)","decl":{"start":{"line":66,"column":8},"end":{"line":66,"column":9}},"loc":{"start":{"line":66,"column":25},"end":{"line":99,"column":3}},"line":66},"10":{"name":"(anonymous_10)","decl":{"start":{"line":71,"column":14},"end":{"line":71,"column":15}},"loc":{"start":{"line":71,"column":28},"end":{"line":80,"column":9}},"line":71},"11":{"name":"(anonymous_11)","decl":{"start":{"line":81,"column":15},"end":{"line":81,"column":16}},"loc":{"start":{"line":81,"column":26},"end":{"line":83,"column":9}},"line":81},"12":{"name":"(anonymous_12)","decl":{"start":{"line":86,"column":14},"end":{"line":86,"column":15}},"loc":{"start":{"line":86,"column":23},"end":{"line":90,"column":9}},"line":86},"13":{"name":"(anonymous_13)","decl":{"start":{"line":91,"column":15},"end":{"line":91,"column":16}},"loc":{"start":{"line":91,"column":26},"end":{"line":93,"column":9}},"line":91},"14":{"name":"(anonymous_14)","decl":{"start":{"line":100,"column":9},"end":{"line":100,"column":10}},"loc":{"start":{"line":100,"column":20},"end":{"line":102,"column":3}},"line":100}},"branchMap":{"0":{"loc":{"start":{"line":61,"column":6},"end":{"line":63,"column":7}},"type":"if","locations":[{"start":{"line":61,"column":6},"end":{"line":63,"column":7}},{"start":{"line":61,"column":6},"end":{"line":63,"column":7}}],"line":61},"1":{"loc":{"start":{"line":67,"column":4},"end":{"line":98,"column":5}},"type":"if","locations":[{"start":{"line":67,"column":4},"end":{"line":98,"column":5}},{"start":{"line":67,"column":4},"end":{"line":98,"column":5}}],"line":67},"2":{"loc":{"start":{"line":74,"column":10},"end":{"line":76,"column":11}},"type":"if","locations":[{"start":{"line":74,"column":10},"end":{"line":76,"column":11}},{"start":{"line":74,"column":10},"end":{"line":76,"column":11}}],"line":74}},"s":{"0":0,"1":0,"2":0,"3":0,"4":0,"5":0,"6":0,"7":0,"8":0,"9":0,"10":0,"11":0,"12":0,"13":0,"14":0,"15":0,"16":0,"17":0,"18":0,"19":0,"20":0,"21":0,"22":0,"23":0,"24":0,"25":0,"26":0,"27":0,"28":0,"29":0,"30":0,"31":0,"32":0,"33":0,"34":0,"35":0,"36":0,"37":0,"38":0,"39":0,"40":0,"41":0,"42":0,"43":0,"44":0},"f":{"0":0,"1":0,"2":0,"3":0,"4":0,"5":0,"6":0,"7":0,"8":0,"9":0,"10":0,"11":0,"12":0,"13":0,"14":0},"b":{"0":[0,0],"1":[0,0],"2":[0,0]}}
,"/Users/luke/Documents/Code/EC500/HW4/camera-app-ljstaib/screens/SignUpScreen.js": {"path":"/Users/luke/Documents/Code/EC500/HW4/camera-app-ljstaib/screens/SignUpScreen.js","statementMap":{"0":{"start":{"line":11,"column":28},"end":{"line":11,"column":42}},"1":{"start":{"line":12,"column":34},"end":{"line":12,"column":48}},"2":{"start":{"line":14,"column":20},"end":{"line":17,"column":3}},"3":{"start":{"line":15,"column":4},"end":{"line":15,"column":19}},"4":{"start":{"line":16,"column":4},"end":{"line":16,"column":22}},"5":{"start":{"line":19,"column":2},"end":{"line":58,"column":4}},"6":{"start":{"line":27,"column":35},"end":{"line":27,"column":50}},"7":{"start":{"line":28,"column":34},"end":{"line":28,"column":52}},"8":{"start":{"line":39,"column":38},"end":{"line":39,"column":59}},"9":{"start":{"line":40,"column":34},"end":{"line":40,"column":52}},"10":{"start":{"line":47,"column":10},"end":{"line":49,"column":11}},"11":{"start":{"line":48,"column":12},"end":{"line":48,"column":24}},"12":{"start":{"line":54,"column":42},"end":{"line":54,"column":54}},"13":{"start":{"line":54,"column":55},"end":{"line":54,"column":90}},"14":{"start":{"line":62,"column":2},"end":{"line":62,"column":45}},"15":{"start":{"line":63,"column":2},"end":{"line":95,"column":3}},"16":{"start":{"line":64,"column":4},"end":{"line":90,"column":7}},"17":{"start":{"line":66,"column":6},"end":{"line":76,"column":8}},"18":{"start":{"line":68,"column":8},"end":{"line":68,"column":87}},"19":{"start":{"line":69,"column":8},"end":{"line":69,"column":42}},"20":{"start":{"line":70,"column":8},"end":{"line":70,"column":19}},"21":{"start":{"line":73,"column":8},"end":{"line":73,"column":91}},"22":{"start":{"line":74,"column":8},"end":{"line":74,"column":51}},"23":{"start":{"line":75,"column":8},"end":{"line":75,"column":20}},"24":{"start":{"line":79,"column":6},"end":{"line":79,"column":89}},"25":{"start":{"line":80,"column":6},"end":{"line":88,"column":7}},"26":{"start":{"line":81,"column":8},"end":{"line":81,"column":66}},"27":{"start":{"line":83,"column":11},"end":{"line":88,"column":7}},"28":{"start":{"line":84,"column":8},"end":{"line":84,"column":52}},"29":{"start":{"line":87,"column":8},"end":{"line":87,"column":83}},"30":{"start":{"line":89,"column":6},"end":{"line":89,"column":18}},"31":{"start":{"line":93,"column":4},"end":{"line":93,"column":94}},"32":{"start":{"line":94,"column":4},"end":{"line":94,"column":16}}},"fnMap":{"0":{"name":"SignUpScreen","decl":{"start":{"line":10,"column":9},"end":{"line":10,"column":21}},"loc":{"start":{"line":10,"column":38},"end":{"line":59,"column":1}},"line":10},"1":{"name":"(anonymous_1)","decl":{"start":{"line":14,"column":20},"end":{"line":14,"column":21}},"loc":{"start":{"line":14,"column":26},"end":{"line":17,"column":3}},"line":14},"2":{"name":"(anonymous_2)","decl":{"start":{"line":27,"column":26},"end":{"line":27,"column":27}},"loc":{"start":{"line":27,"column":35},"end":{"line":27,"column":50}},"line":27},"3":{"name":"(anonymous_3)","decl":{"start":{"line":28,"column":29},"end":{"line":28,"column":30}},"loc":{"start":{"line":28,"column":34},"end":{"line":28,"column":52}},"line":28},"4":{"name":"(anonymous_4)","decl":{"start":{"line":39,"column":26},"end":{"line":39,"column":27}},"loc":{"start":{"line":39,"column":38},"end":{"line":39,"column":59}},"line":39},"5":{"name":"(anonymous_5)","decl":{"start":{"line":40,"column":29},"end":{"line":40,"column":30}},"loc":{"start":{"line":40,"column":34},"end":{"line":40,"column":52}},"line":40},"6":{"name":"(anonymous_6)","decl":{"start":{"line":46,"column":35},"end":{"line":46,"column":36}},"loc":{"start":{"line":46,"column":41},"end":{"line":50,"column":9}},"line":46},"7":{"name":"(anonymous_7)","decl":{"start":{"line":54,"column":35},"end":{"line":54,"column":36}},"loc":{"start":{"line":54,"column":41},"end":{"line":54,"column":91}},"line":54},"8":{"name":"signUpEmailPass","decl":{"start":{"line":61,"column":15},"end":{"line":61,"column":30}},"loc":{"start":{"line":61,"column":60},"end":{"line":96,"column":1}},"line":61},"9":{"name":"(anonymous_9)","decl":{"start":{"line":65,"column":10},"end":{"line":65,"column":11}},"loc":{"start":{"line":65,"column":16},"end":{"line":77,"column":5}},"line":65},"10":{"name":"(anonymous_10)","decl":{"start":{"line":67,"column":12},"end":{"line":67,"column":13}},"loc":{"start":{"line":67,"column":18},"end":{"line":71,"column":7}},"line":67},"11":{"name":"(anonymous_11)","decl":{"start":{"line":72,"column":13},"end":{"line":72,"column":14}},"loc":{"start":{"line":72,"column":20},"end":{"line":76,"column":7}},"line":72},"12":{"name":"(anonymous_12)","decl":{"start":{"line":78,"column":11},"end":{"line":78,"column":12}},"loc":{"start":{"line":78,"column":18},"end":{"line":90,"column":5}},"line":78}},"branchMap":{"0":{"loc":{"start":{"line":47,"column":10},"end":{"line":49,"column":11}},"type":"if","locations":[{"start":{"line":47,"column":10},"end":{"line":49,"column":11}},{"start":{"line":47,"column":10},"end":{"line":49,"column":11}}],"line":47},"1":{"loc":{"start":{"line":63,"column":2},"end":{"line":95,"column":3}},"type":"if","locations":[{"start":{"line":63,"column":2},"end":{"line":95,"column":3}},{"start":{"line":63,"column":2},"end":{"line":95,"column":3}}],"line":63},"2":{"loc":{"start":{"line":63,"column":6},"end":{"line":63,"column":44}},"type":"binary-expr","locations":[{"start":{"line":63,"column":6},"end":{"line":63,"column":20}},{"start":{"line":63,"column":24},"end":{"line":63,"column":44}}],"line":63},"3":{"loc":{"start":{"line":80,"column":6},"end":{"line":88,"column":7}},"type":"if","locations":[{"start":{"line":80,"column":6},"end":{"line":88,"column":7}},{"start":{"line":80,"column":6},"end":{"line":88,"column":7}}],"line":80},"4":{"loc":{"start":{"line":83,"column":11},"end":{"line":88,"column":7}},"type":"if","locations":[{"start":{"line":83,"column":11},"end":{"line":88,"column":7}},{"start":{"line":83,"column":11},"end":{"line":88,"column":7}}],"line":83}},"s":{"0":1,"1":1,"2":1,"3":0,"4":0,"5":1,"6":0,"7":0,"8":0,"9":0,"10":0,"11":0,"12":0,"13":0,"14":0,"15":0,"16":0,"17":0,"18":0,"19":0,"20":0,"21":0,"22":0,"23":0,"24":0,"25":0,"26":0,"27":0,"28":0,"29":0,"30":0,"31":0,"32":0},"f":{"0":1,"1":0,"2":0,"3":0,"4":0,"5":0,"6":0,"7":0,"8":0,"9":0,"10":0,"11":0,"12":0},"b":{"0":[0,0],"1":[0,0],"2":[0,0],"3":[0,0],"4":[0,0]},"_coverageSchema":"1a1c01bbd47fc00a2c39e90264f33305004495a9","hash":"dce0d93588b4fccf908b111b83d1ecd8758a02a9"}
}
