TN:
SF:App.js
FN:20,App
FNF:1
FNH:0
FNDA:0,App
DA:19,0
DA:21,0
DA:34,0
DA:44,0
DA:45,0
DA:48,0
LF:6
LH:0
BRDA:44,0,0,0
BRDA:44,0,1,0
BRF:2
BRH:0
end_of_record
TN:
SF:Styles.js
FNF:0
FNH:0
DA:6,2
LF:1
LH:1
BRF:0
BRH:0
end_of_record
TN:
SF:screens/CameraScreen.js
FN:35,CameraScreen
FN:61,(anonymous_1)
FN:70,(anonymous_2)
FN:71,(anonymous_3)
FN:77,(anonymous_4)
FN:78,(anonymous_5)
FN:84,(anonymous_6)
FN:85,(anonymous_7)
FN:91,(anonymous_8)
FN:95,(anonymous_9)
FN:96,(anonymous_10)
FN:101,(anonymous_11)
FN:118,(anonymous_12)
FN:128,(anonymous_13)
FN:135,(anonymous_14)
FN:140,(anonymous_15)
FN:162,(anonymous_16)
FN:163,(anonymous_17)
FN:168,(anonymous_18)
FN:171,(anonymous_19)
FN:188,savePic
FN:209,storePic
FN:253,(anonymous_22)
FN:258,(anonymous_23)
FNF:24
FNH:0
FNDA:0,CameraScreen
FNDA:0,(anonymous_1)
FNDA:0,(anonymous_2)
FNDA:0,(anonymous_3)
FNDA:0,(anonymous_4)
FNDA:0,(anonymous_5)
FNDA:0,(anonymous_6)
FNDA:0,(anonymous_7)
FNDA:0,(anonymous_8)
FNDA:0,(anonymous_9)
FNDA:0,(anonymous_10)
FNDA:0,(anonymous_11)
FNDA:0,(anonymous_12)
FNDA:0,(anonymous_13)
FNDA:0,(anonymous_14)
FNDA:0,(anonymous_15)
FNDA:0,(anonymous_16)
FNDA:0,(anonymous_17)
FNDA:0,(anonymous_18)
FNDA:0,(anonymous_19)
FNDA:0,savePic
FNDA:0,storePic
FNDA:0,(anonymous_22)
FNDA:0,(anonymous_23)
DA:27,0
DA:30,0
DA:33,0
DA:37,0
DA:38,0
DA:39,0
DA:40,0
DA:41,0
DA:42,0
DA:45,0
DA:46,0
DA:47,0
DA:48,0
DA:51,0
DA:52,0
DA:55,0
DA:58,0
DA:59,0
DA:61,0
DA:62,0
DA:63,0
DA:64,0
DA:65,0
DA:66,0
DA:67,0
DA:70,0
DA:71,0
DA:72,0
DA:73,0
DA:77,0
DA:78,0
DA:79,0
DA:80,0
DA:84,0
DA:85,0
DA:86,0
DA:87,0
DA:91,0
DA:92,0
DA:95,0
DA:96,0
DA:97,0
DA:98,0
DA:99,0
DA:101,0
DA:102,0
DA:103,0
DA:107,0
DA:108,0
DA:110,0
DA:111,0
DA:113,0
DA:114,0
DA:118,0
DA:129,0
DA:136,0
DA:141,0
DA:152,0
DA:153,0
DA:162,0
DA:163,0
DA:168,0
DA:171,0
DA:178,0
DA:190,0
DA:191,0
DA:193,0
DA:199,0
DA:200,0
DA:202,0
DA:205,0
DA:211,0
DA:212,0
DA:213,0
DA:214,0
DA:215,0
DA:216,0
DA:217,0
DA:220,0
DA:221,0
DA:223,0
DA:224,0
DA:227,0
DA:228,0
DA:229,0
DA:230,0
DA:231,0
DA:243,0
DA:244,0
DA:246,0
DA:250,0
DA:251,0
DA:252,0
DA:253,0
DA:254,0
DA:255,0
DA:256,0
DA:259,0
DA:260,0
DA:261,0
DA:265,0
DA:266,0
LF:102
LH:0
BRDA:107,0,0,0
BRDA:107,0,1,0
BRDA:107,1,0,0
BRDA:107,1,1,0
BRDA:107,1,2,0
BRDA:110,2,0,0
BRDA:110,2,1,0
BRDA:110,3,0,0
BRDA:110,3,1,0
BRDA:110,3,2,0
BRDA:113,4,0,0
BRDA:113,4,1,0
BRDA:121,5,0,0
BRDA:121,5,1,0
BRDA:130,6,0,0
BRDA:130,6,1,0
BRDA:152,7,0,0
BRDA:152,7,1,0
BRDA:191,8,0,0
BRDA:191,8,1,0
BRDA:220,9,0,0
BRDA:220,9,1,0
BRDA:223,10,0,0
BRDA:223,10,1,0
BRDA:227,11,0,0
BRDA:227,11,1,0
BRDA:227,12,0,0
BRDA:227,12,1,0
BRDA:244,13,0,0
BRDA:244,13,1,0
BRF:30
BRH:0
end_of_record
TN:
SF:screens/HomeScreen.js
FN:17,HomeScreen
FN:32,(anonymous_1)
FN:51,(anonymous_2)
FN:52,(anonymous_3)
FN:83,(anonymous_4)
FN:84,(anonymous_5)
FN:87,(anonymous_6)
FN:114,(anonymous_7)
FN:126,(anonymous_8)
FN:130,(anonymous_9)
FN:134,(anonymous_10)
FN:140,(anonymous_11)
FN:148,getMarkers
FN:158,(anonymous_13)
FN:159,(anonymous_14)
FN:165,(anonymous_15)
FN:170,(anonymous_16)
FN:178,(anonymous_17)
FN:183,(anonymous_18)
FN:188,(anonymous_19)
FN:197,(anonymous_20)
FN:204,signOut
FN:206,(anonymous_22)
FN:209,(anonymous_23)
FNF:24
FNH:0
FNDA:0,HomeScreen
FNDA:0,(anonymous_1)
FNDA:0,(anonymous_2)
FNDA:0,(anonymous_3)
FNDA:0,(anonymous_4)
FNDA:0,(anonymous_5)
FNDA:0,(anonymous_6)
FNDA:0,(anonymous_7)
FNDA:0,(anonymous_8)
FNDA:0,(anonymous_9)
FNDA:0,(anonymous_10)
FNDA:0,(anonymous_11)
FNDA:0,getMarkers
FNDA:0,(anonymous_13)
FNDA:0,(anonymous_14)
FNDA:0,(anonymous_15)
FNDA:0,(anonymous_16)
FNDA:0,(anonymous_17)
FNDA:0,(anonymous_18)
FNDA:0,(anonymous_19)
FNDA:0,(anonymous_20)
FNDA:0,signOut
FNDA:0,(anonymous_22)
FNDA:0,(anonymous_23)
DA:12,0
DA:13,0
DA:14,0
DA:15,0
DA:18,0
DA:19,0
DA:20,0
DA:22,0
DA:24,0
DA:30,0
DA:32,0
DA:33,0
DA:51,0
DA:52,0
DA:53,0
DA:55,0
DA:56,0
DA:58,0
DA:59,0
DA:60,0
DA:61,0
DA:62,0
DA:64,0
DA:66,0
DA:71,0
DA:72,0
DA:73,0
DA:76,0
DA:77,0
DA:78,0
DA:80,0
DA:83,0
DA:84,0
DA:85,0
DA:87,0
DA:88,0
DA:89,0
DA:90,0
DA:94,0
DA:95,0
DA:103,0
DA:115,0
DA:126,0
DA:130,0
DA:134,0
DA:140,0
DA:149,0
DA:153,0
DA:155,0
DA:156,0
DA:157,0
DA:159,0
DA:160,0
DA:161,0
DA:166,0
DA:167,0
DA:168,0
DA:169,0
DA:171,0
DA:172,0
DA:173,0
DA:175,0
DA:176,0
DA:179,0
DA:182,0
DA:184,0
DA:185,0
DA:186,0
DA:189,0
DA:194,0
DA:198,0
DA:205,0
DA:207,0
DA:210,0
DA:211,0
DA:212,0
LF:76
LH:0
BRDA:64,0,0,0
BRDA:64,0,1,0
BRDA:64,1,0,0
BRDA:64,1,1,0
BRDA:64,1,2,0
BRDA:64,1,3,0
BRDA:94,2,0,0
BRDA:94,2,1,0
BRDA:160,3,0,0
BRDA:160,3,1,0
BRDA:166,4,0,0
BRDA:166,4,1,0
BRDA:172,5,0,0
BRDA:172,5,1,0
BRF:14
BRH:0
end_of_record
TN:
SF:screens/LoginScreen.js
FN:10,LoginScreen
FN:14,(anonymous_1)
FN:29,(anonymous_2)
FN:30,(anonymous_3)
FN:40,(anonymous_4)
FN:41,(anonymous_5)
FN:47,(anonymous_6)
FN:54,(anonymous_7)
FN:61,loginEmailPass
FN:64,(anonymous_9)
FN:82,(anonymous_10)
FN:101,signOut
FN:103,(anonymous_12)
FNF:13
FNH:1
FNDA:1,LoginScreen
FNDA:0,(anonymous_1)
FNDA:0,(anonymous_2)
FNDA:0,(anonymous_3)
FNDA:0,(anonymous_4)
FNDA:0,(anonymous_5)
FNDA:0,(anonymous_6)
FNDA:0,(anonymous_7)
FNDA:0,loginEmailPass
FNDA:0,(anonymous_9)
FNDA:0,(anonymous_10)
FNDA:0,signOut
FNDA:0,(anonymous_12)
DA:11,1
DA:12,1
DA:14,1
DA:15,0
DA:16,0
DA:17,0
DA:20,1
DA:29,0
DA:30,0
DA:40,0
DA:41,0
DA:48,0
DA:49,0
DA:54,0
DA:62,0
DA:63,0
DA:65,0
DA:68,0
DA:69,0
DA:70,0
DA:75,0
DA:76,0
DA:78,0
DA:79,0
DA:84,0
DA:85,0
DA:86,0
DA:88,0
DA:89,0
DA:91,0
DA:92,0
DA:95,0
DA:97,0
DA:102,0
DA:104,0
DA:105,0
DA:106,0
LF:37
LH:4
BRDA:48,0,0,0
BRDA:48,0,1,0
BRDA:65,1,0,0
BRDA:65,1,1,0
BRDA:85,2,0,0
BRDA:85,2,1,0
BRDA:88,3,0,0
BRDA:88,3,1,0
BRDA:91,4,0,0
BRDA:91,4,1,0
BRF:10
BRH:0
end_of_record
TN:
SF:screens/PhotoList.js
FN:14,(anonymous_0)
FN:26,PhotoList
FN:28,(anonymous_2)
FN:33,(anonymous_3)
FN:34,(anonymous_4)
FN:45,(anonymous_5)
FN:50,getPics
FN:59,(anonymous_7)
FN:60,(anonymous_8)
FN:66,(anonymous_9)
FN:71,(anonymous_10)
FN:81,(anonymous_11)
FN:86,(anonymous_12)
FN:91,(anonymous_13)
FN:100,(anonymous_14)
FNF:15
FNH:0
FNDA:0,(anonymous_0)
FNDA:0,PhotoList
FNDA:0,(anonymous_2)
FNDA:0,(anonymous_3)
FNDA:0,(anonymous_4)
FNDA:0,(anonymous_5)
FNDA:0,getPics
FNDA:0,(anonymous_7)
FNDA:0,(anonymous_8)
FNDA:0,(anonymous_9)
FNDA:0,(anonymous_10)
FNDA:0,(anonymous_11)
FNDA:0,(anonymous_12)
FNDA:0,(anonymous_13)
FNDA:0,(anonymous_14)
DA:11,0
DA:14,0
DA:15,0
DA:27,0
DA:28,0
DA:30,0
DA:31,0
DA:33,0
DA:34,0
DA:35,0
DA:36,0
DA:37,0
DA:38,0
DA:40,0
DA:43,0
DA:45,0
DA:51,0
DA:54,0
DA:56,0
DA:57,0
DA:58,0
DA:60,0
DA:61,0
DA:62,0
DA:67,0
DA:68,0
DA:69,0
DA:70,0
DA:72,0
DA:73,0
DA:74,0
DA:75,0
DA:77,0
DA:78,0
DA:79,0
DA:82,0
DA:85,0
DA:87,0
DA:88,0
DA:89,0
DA:92,0
DA:97,0
DA:101,0
LF:43
LH:0
BRDA:61,0,0,0
BRDA:61,0,1,0
BRDA:67,1,0,0
BRDA:67,1,1,0
BRDA:74,2,0,0
BRDA:74,2,1,0
BRF:6
BRH:0
end_of_record
TN:
SF:screens/SignUpScreen.js
FN:10,SignUpScreen
FN:14,(anonymous_1)
FN:27,(anonymous_2)
FN:28,(anonymous_3)
FN:39,(anonymous_4)
FN:40,(anonymous_5)
FN:46,(anonymous_6)
FN:54,(anonymous_7)
FN:61,signUpEmailPass
FN:65,(anonymous_9)
FN:67,(anonymous_10)
FN:72,(anonymous_11)
FN:78,(anonymous_12)
FNF:13
FNH:1
FNDA:1,SignUpScreen
FNDA:0,(anonymous_1)
FNDA:0,(anonymous_2)
FNDA:0,(anonymous_3)
FNDA:0,(anonymous_4)
FNDA:0,(anonymous_5)
FNDA:0,(anonymous_6)
FNDA:0,(anonymous_7)
FNDA:0,signUpEmailPass
FNDA:0,(anonymous_9)
FNDA:0,(anonymous_10)
FNDA:0,(anonymous_11)
FNDA:0,(anonymous_12)
DA:11,1
DA:12,1
DA:14,1
DA:15,0
DA:16,0
DA:19,1
DA:27,0
DA:28,0
DA:39,0
DA:40,0
DA:47,0
DA:48,0
DA:54,0
DA:62,0
DA:63,0
DA:64,0
DA:66,0
DA:68,0
DA:69,0
DA:70,0
DA:73,0
DA:74,0
DA:75,0
DA:79,0
DA:80,0
DA:81,0
DA:83,0
DA:84,0
DA:87,0
DA:89,0
DA:93,0
DA:94,0
LF:32
LH:4
BRDA:47,0,0,0
BRDA:47,0,1,0
BRDA:63,1,0,0
BRDA:63,1,1,0
BRDA:63,2,0,0
BRDA:63,2,1,0
BRDA:80,3,0,0
BRDA:80,3,1,0
BRDA:83,4,0,0
BRDA:83,4,1,0
BRF:10
BRH:0
end_of_record
